<?xml version="1.0" encoding="utf-8"?><testsuites name="pytest tests"><testsuite name="pytest" errors="0" failures="0" skipped="0" tests="9" time="26.215" timestamp="2026-09-03T12:43:27.686892+00:00" hostname="agent-env-b7f2252c-b748-4572-9767-ec146ed55320"><testcase classname="tests.test_iter29_receipt_first.TestFirstScanNoPayee" name="test_first_scan_amount_only_returns_200" time="5.415" /><testcase classname="tests.test_iter29_receipt_first.TestFirstScanNoPayee" name="test_first_scan_zero_amount_rejected" time="0.177" /><testcase classname="tests.test_iter29_receipt_first.TestFirstScanNoPayee" name="test_first_scan_invalid_upi_still_rejected_when_supplied" time="0.167" /><testcase classname="tests.test_iter29_receipt_first.TestDirectProofUploadNoConfirm" name="test_upload_without_confirm_verifies_and_backfills_payee" time="7.417" /><testcase classname="tests.test_iter29_receipt_first.TestProofValidation" name="test_proof_without_file_returns_422" time="0.292" /><testcase classname="tests.test_iter29_receipt_first.TestDuplicateUTR" name="test_duplicate_utr_on_different_txn_rejected" time="7.922" /><testcase classname="tests.test_iter29_receipt_first.TestDiscardVerified" name="test_discard_verified_400" time="4.024" /><testcase classname="tests.test_iter29_receipt_first.TestUnaffectedEndpoints" name="test_dashboard_and_wallet_ok" time="0.365" /><testcase classname="tests.test_iter29_receipt_first.TestUnaffectedEndpoints" name="test_login_still_works" time="0.372" /></testsuite></testsuites>