<?xml version="1.0" encoding="utf-8"?><testsuites name="pytest tests"><testsuite name="pytest" errors="0" failures="0" skipped="0" tests="7" time="21.590" timestamp="2026-09-03T12:12:13.756018+00:00" hostname="agent-env-b7f2252c-b748-4572-9767-ec146ed55320"><testcase classname="tests.test_iter28_discard_restart.TestDiscardUnverified" name="test_discard_unverified_then_get_404" time="8.058" /><testcase classname="tests.test_iter28_discard_restart.TestDiscardUnverified" name="test_discard_after_failed_verification" time="7.344" /><testcase classname="tests.test_iter28_discard_restart.TestRestart" name="test_restart_creates_new_attempt_same_bill" time="0.753" /><testcase classname="tests.test_iter28_discard_restart.TestSupersede" name="test_first_scan_supersedes_existing_active" time="0.569" /><testcase classname="tests.test_iter28_discard_restart.TestVerifiedProtection" name="test_discard_and_restart_blocked_after_verified" time="4.130" /><testcase classname="tests.test_iter28_discard_restart.TestDiscardEdgeCases" name="test_discard_nonexistent_returns_404" time="0.163" /><testcase classname="tests.test_iter28_discard_restart.TestDiscardEdgeCases" name="test_restart_of_cancelled_returns_400" time="0.503" /></testsuite></testsuites>