<?xml version="1.0" encoding="utf-8"?><testsuites name="pytest tests"><testsuite name="pytest" errors="0" failures="0" skipped="0" tests="7" time="28.195" timestamp="2026-09-03T11:38:13.252921+00:00" hostname="agent-env-b7f2252c-b748-4572-9767-ec146ed55320"><testcase classname="tests.test_iter27_receipt_verify.TestAuth" name="test_admin_login" time="0.611" /><testcase classname="tests.test_iter27_receipt_verify.TestProofValidation" name="test_proof_missing_file_returns_422" time="5.220" /><testcase classname="tests.test_iter27_receipt_verify.TestProofValidation" name="test_proof_with_utr_field_but_no_file_returns_422" time="0.627" /><testcase classname="tests.test_iter27_receipt_verify.TestProofValidation" name="test_bad_content_type_rejected" time="0.419" /><testcase classname="tests.test_iter27_receipt_verify.TestReceiptOcrFlow" name="test_happy_verified_then_generate_needs_fee" time="6.307" /><testcase classname="tests.test_iter27_receipt_verify.TestReceiptOcrFlow" name="test_amount_mismatch_rejected_and_generate_blocked" time="5.078" /><testcase classname="tests.test_iter27_receipt_verify.TestReceiptOcrFlow" name="test_duplicate_receipt_rejected" time="9.841" /></testsuite></testsuites>