<?xml version="1.0" encoding="utf-8"?><testsuites name="pytest tests"><testsuite name="pytest" errors="0" failures="0" skipped="0" tests="9" time="5.004" timestamp="2026-06-17T09:25:04.968248+00:00" hostname="agent-env-61793a83-60d9-4d15-bb4e-5799af738712"><testcase classname="backend.tests.test_p0_regression.TestPayNowSaveUnpaid" name="test_save_unpaid_expense_creates_with_unpaid_status" time="0.665" /><testcase classname="backend.tests.test_p0_regression.TestPayNowSaveUnpaid" name="test_save_paid_expense_marks_paid" time="0.193" /><testcase classname="backend.tests.test_p0_regression.TestCorporateE2E" name="test_full_flow_admin_employee_expense_approval_bill" time="2.348" /><testcase classname="backend.tests.test_p0_regression.TestEmployeeWalletRechargeBlocked" name="test_employee_personal_recharge_blocked" time="0.740" /><testcase classname="backend.tests.test_p0_regression.TestEmployeeWalletRechargeBlocked" name="test_admin_company_wallet_recharge_ok" time="0.113" /><testcase classname="backend.tests.test_p0_regression.TestBackendRegression" name="test_otp_verify_returns_token" time="0.415" /><testcase classname="backend.tests.test_p0_regression.TestBackendRegression" name="test_individual_wallet_get" time="0.097" /><testcase classname="backend.tests.test_p0_regression.TestBackendRegression" name="test_individual_expense_list" time="0.095" /><testcase classname="backend.tests.test_p0_regression.TestBackendRegression" name="test_individual_bill_generate" time="0.296" /></testsuite></testsuites>