<?xml version="1.0" encoding="utf-8"?><testsuites name="pytest tests"><testsuite name="pytest" errors="0" failures="0" skipped="0" tests="6" time="1.655" timestamp="2026-06-21T12:11:11.328211+00:00" hostname="agent-env-61793a83-60d9-4d15-bb4e-5799af738712"><testcase classname="backend.tests.test_iter9_billfee_verify" name="test_auth_otp_flow_and_me" time="0.659" /><testcase classname="backend.tests.test_iter9_billfee_verify" name="test_bill_fee_1_percent_total_500" time="0.340" /><testcase classname="backend.tests.test_iter9_billfee_verify" name="test_bill_fee_minimum_1_rupee_total_50" time="0.339" /><testcase classname="backend.tests.test_iter9_billfee_verify" name="test_public_verify_valid_bill" time="0.106" /><testcase classname="backend.tests.test_iter9_billfee_verify" name="test_public_verify_bogus_id_returns_valid_false" time="0.089" /><testcase classname="backend.tests.test_iter9_billfee_verify" name="test_public_verify_does_not_require_auth" time="0.094" /></testsuite></testsuites>