<?xml version="1.0" encoding="utf-8"?><testsuites name="pytest tests"><testsuite name="pytest" errors="0" failures="0" skipped="0" tests="27" time="4.998" timestamp="2026-06-26T16:29:07.079367+00:00" hostname="agent-env-61793a83-60d9-4d15-bb4e-5799af738712"><testcase classname="backend.tests.test_iter10_upi_ai_regression.TestAiRouteRegistration" name="test_openapi_lists_ai_endpoints" time="0.026" /><testcase classname="backend.tests.test_iter10_upi_ai_regression.TestAiRouteRegistration" name="test_voice_endpoint_returns_500_when_openai_key_empty" time="0.328" /><testcase classname="backend.tests.test_iter10_upi_ai_regression.TestAiRouteRegistration" name="test_scan_receipt_500_when_gemini_empty" time="0.096" /><testcase classname="backend.tests.test_iter10_upi_ai_regression.TestAiRouteRegistration" name="test_detect_items_500_when_gemini_empty" time="0.099" /><testcase classname="backend.tests.test_iter10_upi_ai_regression.TestAiRouteRegistration" name="test_suggest_items_returns_empty_when_no_key" time="0.106" /><testcase classname="backend.tests.test_iter10_upi_ai_regression.TestAuth" name="test_otp_flow" time="0.000" /><testcase classname="backend.tests.test_iter10_upi_ai_regression.TestAuth" name="test_super_admin_login" time="0.482" /><testcase classname="backend.tests.test_iter10_upi_ai_regression.TestSuperAdmin" name="test_stats" time="0.101" /><testcase classname="backend.tests.test_iter10_upi_ai_regression.TestSuperAdmin" name="test_users" time="0.107" /><testcase classname="backend.tests.test_iter10_upi_ai_regression.TestSuperAdmin" name="test_companies" time="0.110" /><testcase classname="backend.tests.test_iter10_upi_ai_regression.TestExpenses" name="test_create_all_categories" time="0.392" /><testcase classname="backend.tests.test_iter10_upi_ai_regression.TestExpenses" name="test_get_list" time="0.102" /><testcase classname="backend.tests.test_iter10_upi_ai_regression.TestExpenses" name="test_get_by_id" time="0.101" /><testcase classname="backend.tests.test_iter10_upi_ai_regression.TestExpenses" name="test_stats" time="0.095" /><testcase classname="backend.tests.test_iter10_upi_ai_regression.TestExpenses" name="test_recent_merchants" time="0.250" /><testcase classname="backend.tests.test_iter10_upi_ai_regression.TestExpenses" name="test_csv_export" time="0.207" /><testcase classname="backend.tests.test_iter10_upi_ai_regression.TestWallet" name="test_get_wallet" time="0.111" /><testcase classname="backend.tests.test_iter10_upi_ai_regression.TestWallet" name="test_recharge" time="0.303" /><testcase classname="backend.tests.test_iter10_upi_ai_regression.TestBills" name="test_generate_and_pdf" time="0.355" /><testcase classname="backend.tests.test_iter10_upi_ai_regression.TestReports" name="test_create_list_pdf" time="0.306" /><testcase classname="backend.tests.test_iter10_upi_ai_regression.TestCompanyB2B" name="test_register" time="0.325" /><testcase classname="backend.tests.test_iter10_upi_ai_regression.TestCompanyB2B" name="test_company_me" time="0.110" /><testcase classname="backend.tests.test_iter10_upi_ai_regression.TestCompanyB2B" name="test_add_employee" time="0.335" /><testcase classname="backend.tests.test_iter10_upi_ai_regression.TestCompanyB2B" name="test_company_wallet_flow" time="0.194" /><testcase classname="backend.tests.test_iter10_upi_ai_regression.TestReferrals" name="test_me" time="0.200" /><testcase classname="backend.tests.test_iter10_upi_ai_regression.TestContact" name="test_post_contact" time="0.090" /><testcase classname="backend.tests.test_iter10_upi_ai_regression.TestNoEmergentImports" name="test_no_runtime_emergent_imports" time="0.007" /></testsuite></testsuites>