<?xml version="1.0" encoding="utf-8"?><testsuites name="pytest tests"><testsuite name="pytest" errors="0" failures="0" skipped="0" tests="16" time="12.489" timestamp="2026-06-03T16:08:26.113204+00:00" hostname="agent-env-61793a83-60d9-4d15-bb4e-5799af738712"><testcase classname="backend.tests.test_bill4pe_v2" name="test_phone_otp_login_flow" time="0.219" /><testcase classname="backend.tests.test_bill4pe_v2" name="test_phone_otp_wrong" time="0.107" /><testcase classname="backend.tests.test_bill4pe_v2" name="test_referrals_me_returns_code" time="0.349" /><testcase classname="backend.tests.test_bill4pe_v2" name="test_referrals_validate_known_code" time="0.152" /><testcase classname="backend.tests.test_bill4pe_v2" name="test_referrals_validate_unknown_code" time="0.049" /><testcase classname="backend.tests.test_bill4pe_v2" name="test_cash_expense_persisted" time="0.231" /><testcase classname="backend.tests.test_bill4pe_v2" name="test_cash_bill_pdf_shows_payment_method_cash" time="0.289" /><testcase classname="backend.tests.test_bill4pe_v2" name="test_bill_pdf_contains_qr_image_and_datetime" time="0.161" /><testcase classname="backend.tests.test_bill4pe_v2" name="test_create_report_and_pdf_has_tagline_and_datetime" time="0.228" /><testcase classname="backend.tests.test_bill4pe_v2" name="test_list_reports_includes_created" time="0.111" /><testcase classname="backend.tests.test_bill4pe_v2" name="test_scan_receipt_with_tiny_image" time="1.307" /><testcase classname="backend.tests.test_bill4pe_v2" name="test_voice_expense_endpoint_exists" time="8.444" /><testcase classname="backend.tests.test_bill4pe_v2" name="test_save_and_print_gstin" time="0.204" /><testcase classname="backend.tests.test_bill4pe_v2" name="test_invalid_gstin_rejected" time="0.050" /><testcase classname="backend.tests.test_bill4pe_v2" name="test_pdf_includes_gstin_after_save" time="0.466" /><testcase classname="backend.tests.test_bill4pe_v2" name="test_api_root" time="0.052" /></testsuite></testsuites>