<?xml version="1.0" encoding="utf-8"?><testsuites name="pytest tests"><testsuite name="pytest" errors="0" failures="0" skipped="0" tests="26" time="10.067" timestamp="2026-05-27T19:52:11.627696+00:00" hostname="agent-env-a63e5bd2-83ef-4a28-beaf-3dcca81ceb68"><testcase classname="backend.tests.test_bill4pe" name="test_health_root" time="0.252" /><testcase classname="backend.tests.test_bill4pe" name="test_register_returns_token_and_welcome_bonus" time="0.345" /><testcase classname="backend.tests.test_bill4pe" name="test_register_duplicate_email_rejected" time="0.349" /><testcase classname="backend.tests.test_bill4pe" name="test_login_success" time="0.281" /><testcase classname="backend.tests.test_bill4pe" name="test_login_invalid_credentials" time="0.276" /><testcase classname="backend.tests.test_bill4pe" name="test_me_with_token" time="0.056" /><testcase classname="backend.tests.test_bill4pe" name="test_me_without_token_returns_401" time="0.083" /><testcase classname="backend.tests.test_bill4pe" name="test_protected_endpoints_require_auth" time="0.284" /><testcase classname="backend.tests.test_bill4pe" name="test_wallet_initial_balance" time="0.053" /><testcase classname="backend.tests.test_bill4pe" name="test_wallet_recharge_positive" time="0.128" /><testcase classname="backend.tests.test_bill4pe" name="test_wallet_recharge_invalid_amounts" time="0.167" /><testcase classname="backend.tests.test_bill4pe" name="test_create_expense_total_computed" time="0.137" /><testcase classname="backend.tests.test_bill4pe" name="test_get_expense_by_id" time="0.179" /><testcase classname="backend.tests.test_bill4pe" name="test_get_expense_404" time="0.151" /><testcase classname="backend.tests.test_bill4pe" name="test_list_expenses_and_filters" time="0.399" /><testcase classname="backend.tests.test_bill4pe" name="test_expenses_stats" time="0.118" /><testcase classname="backend.tests.test_bill4pe" name="test_generate_bill_deducts_5_and_idempotent" time="0.527" /><testcase classname="backend.tests.test_bill4pe" name="test_bill_pdf_via_bearer" time="0.194" /><testcase classname="backend.tests.test_bill4pe" name="test_bill_pdf_via_query_token" time="0.120" /><testcase classname="backend.tests.test_bill4pe" name="test_bill_pdf_unauthenticated" time="0.125" /><testcase classname="backend.tests.test_bill4pe" name="test_generate_bill_insufficient_balance" time="2.926" /><testcase classname="backend.tests.test_bill4pe" name="test_ai_detect_items_food" time="1.865" /><testcase classname="backend.tests.test_bill4pe" name="test_ai_suggest_items" time="0.808" /><testcase classname="backend.tests.test_bill4pe" name="test_ai_suggest_short_query_returns_empty" time="0.057" /><testcase classname="backend.tests.test_bill4pe" name="test_contact_form" time="0.064" /><testcase classname="backend.tests.test_bill4pe" name="test_contact_invalid_email" time="0.062" /></testsuite></testsuites>