<?xml version="1.0" encoding="utf-8"?><testsuites name="pytest tests"><testsuite name="pytest" errors="0" failures="0" skipped="0" tests="21" time="7.527" timestamp="2026-06-10T10:20:07.554940+00:00" hostname="agent-env-61793a83-60d9-4d15-bb4e-5799af738712"><testcase classname="tests.test_corporate_b2b" name="test_admin_register_and_me" time="0.602" /><testcase classname="tests.test_corporate_b2b" name="test_duplicate_register_rejected" time="0.140" /><testcase classname="tests.test_corporate_b2b" name="test_company_me" time="0.119" /><testcase classname="tests.test_corporate_b2b" name="test_employee_login_works" time="0.668" /><testcase classname="tests.test_corporate_b2b" name="test_duplicate_employee_email_rejected" time="0.100" /><testcase classname="tests.test_corporate_b2b" name="test_invite_lookup" time="0.221" /><testcase classname="tests.test_corporate_b2b" name="test_invite_accept" time="0.430" /><testcase classname="tests.test_corporate_b2b" name="test_list_employees" time="0.099" /><testcase classname="tests.test_corporate_b2b" name="test_update_employee" time="0.139" /><testcase classname="tests.test_corporate_b2b" name="test_employee_bill_blocked_when_pending" time="0.244" /><testcase classname="tests.test_corporate_b2b" name="test_admin_sees_pending" time="0.102" /><testcase classname="tests.test_corporate_b2b" name="test_admin_reject_requires_reason" time="0.413" /><testcase classname="tests.test_corporate_b2b" name="test_admin_approve_and_count" time="0.315" /><testcase classname="tests.test_corporate_b2b" name="test_wallet_recharge_and_get" time="0.218" /><testcase classname="tests.test_corporate_b2b" name="test_bill_gen_deducts_company_wallet" time="0.317" /><testcase classname="tests.test_corporate_b2b" name="test_bill_gen_insufficient_company_wallet" time="1.321" /><testcase classname="tests.test_corporate_b2b" name="test_individual_expense_autoapproved" time="0.581" /><testcase classname="tests.test_corporate_b2b" name="test_individual_cannot_access_company" time="0.099" /><testcase classname="tests.test_corporate_b2b" name="test_employee_cannot_access_company" time="0.105" /><testcase classname="tests.test_corporate_b2b" name="test_employee_limit_enforced" time="0.780" /><testcase classname="tests.test_corporate_b2b" name="test_delete_employee" time="0.462" /></testsuite></testsuites>