<?xml version="1.0" encoding="utf-8"?><testsuites name="pytest tests"><testsuite name="pytest" errors="0" failures="1" skipped="0" tests="42" time="18.779" timestamp="2026-06-03T16:01:10.916546+00:00" hostname="agent-env-61793a83-60d9-4d15-bb4e-5799af738712"><testcase classname="backend.tests.test_bill4pe" name="test_health_root" time="0.214" /><testcase classname="backend.tests.test_bill4pe" name="test_register_returns_token_and_welcome_bonus" time="0.282" /><testcase classname="backend.tests.test_bill4pe" name="test_register_duplicate_email_rejected" time="0.334" /><testcase classname="backend.tests.test_bill4pe" name="test_login_success" time="0.276" /><testcase classname="backend.tests.test_bill4pe" name="test_login_invalid_credentials" time="0.273" /><testcase classname="backend.tests.test_bill4pe" name="test_me_with_token" time="0.061" /><testcase classname="backend.tests.test_bill4pe" name="test_me_without_token_returns_401" time="0.050" /><testcase classname="backend.tests.test_bill4pe" name="test_protected_endpoints_require_auth" time="0.254" /><testcase classname="backend.tests.test_bill4pe" name="test_wallet_initial_balance" time="0.056" /><testcase classname="backend.tests.test_bill4pe" name="test_wallet_recharge_positive" time="0.106" /><testcase classname="backend.tests.test_bill4pe" name="test_wallet_recharge_invalid_amounts" time="0.190" /><testcase classname="backend.tests.test_bill4pe" name="test_create_expense_total_computed" time="0.129" /><testcase classname="backend.tests.test_bill4pe" name="test_get_expense_by_id" time="0.138" /><testcase classname="backend.tests.test_bill4pe" name="test_get_expense_404" time="0.143" /><testcase classname="backend.tests.test_bill4pe" name="test_list_expenses_and_filters" time="0.437" /><testcase classname="backend.tests.test_bill4pe" name="test_expenses_stats" time="0.115" /><testcase classname="backend.tests.test_bill4pe" name="test_generate_bill_deducts_5_and_idempotent" time="0.498" /><testcase classname="backend.tests.test_bill4pe" name="test_bill_pdf_via_bearer" time="0.153" /><testcase classname="backend.tests.test_bill4pe" name="test_bill_pdf_via_query_token" time="0.151" /><testcase classname="backend.tests.test_bill4pe" name="test_bill_pdf_unauthenticated" time="0.123" /><testcase classname="backend.tests.test_bill4pe" name="test_generate_bill_insufficient_balance" time="3.039" /><testcase classname="backend.tests.test_bill4pe" name="test_ai_detect_items_food" time="0.001"><failure message="AssertionError: Food test image missing&#10;assert False&#10; +  where False = &lt;function exists at 0xfbf870a53420&gt;('/tmp/thali.jpg')&#10; +    where &lt;function exists at 0xfbf870a53420&gt; = &lt;module 'posixpath' (frozen)&gt;.exists&#10; +      where &lt;module 'posixpath' (frozen)&gt; = os.path">E   AssertionError: Food test image missing
    assert False
     +  where False = &lt;function exists at 0xfbf870a53420&gt;('/tmp/thali.jpg')
     +    where &lt;function exists at 0xfbf870a53420&gt; = &lt;module 'posixpath' (frozen)&gt;.exists
     +      where &lt;module 'posixpath' (frozen)&gt; = os.path</failure></testcase><testcase classname="backend.tests.test_bill4pe" name="test_ai_suggest_items" time="0.914" /><testcase classname="backend.tests.test_bill4pe" name="test_ai_suggest_short_query_returns_empty" time="0.057" /><testcase classname="backend.tests.test_bill4pe" name="test_contact_form" time="0.052" /><testcase classname="backend.tests.test_bill4pe" name="test_contact_invalid_email" time="0.051" /><testcase classname="backend.tests.test_bill4pe_v2" name="test_phone_otp_login_flow" time="0.126" /><testcase classname="backend.tests.test_bill4pe_v2" name="test_phone_otp_wrong" time="0.104" /><testcase classname="backend.tests.test_bill4pe_v2" name="test_referrals_me_returns_code" time="0.053" /><testcase classname="backend.tests.test_bill4pe_v2" name="test_referrals_validate_known_code" time="0.140" /><testcase classname="backend.tests.test_bill4pe_v2" name="test_referrals_validate_unknown_code" time="0.059" /><testcase classname="backend.tests.test_bill4pe_v2" name="test_cash_expense_persisted" time="0.288" /><testcase classname="backend.tests.test_bill4pe_v2" name="test_cash_bill_pdf_shows_payment_method_cash" time="0.285" /><testcase classname="backend.tests.test_bill4pe_v2" name="test_bill_pdf_contains_qr_image_and_datetime" time="0.183" /><testcase classname="backend.tests.test_bill4pe_v2" name="test_create_report_and_pdf_has_tagline_and_datetime" time="0.284" /><testcase classname="backend.tests.test_bill4pe_v2" name="test_list_reports_includes_created" time="0.109" /><testcase classname="backend.tests.test_bill4pe_v2" name="test_scan_receipt_with_tiny_image" time="1.156" /><testcase classname="backend.tests.test_bill4pe_v2" name="test_voice_expense_endpoint_exists" time="7.087" /><testcase classname="backend.tests.test_bill4pe_v2" name="test_save_and_print_gstin" time="0.111" /><testcase classname="backend.tests.test_bill4pe_v2" name="test_invalid_gstin_rejected" time="0.050" /><testcase classname="backend.tests.test_bill4pe_v2" name="test_pdf_includes_gstin_after_save" time="0.514" /><testcase classname="backend.tests.test_bill4pe_v2" name="test_api_root" time="0.052" /></testsuite></testsuites>