<?xml version="1.0" encoding="utf-8"?><testsuites name="pytest tests"><testsuite name="pytest" errors="0" failures="0" skipped="0" tests="30" time="6.330" timestamp="2026-06-09T14:20:41.206330+00:00" hostname="agent-env-61793a83-60d9-4d15-bb4e-5799af738712"><testcase classname="backend.tests.test_refactor_regression" name="test_api_root" time="0.141" /><testcase classname="backend.tests.test_refactor_regression" name="test_register_grants_welcome_bonus" time="0.326" /><testcase classname="backend.tests.test_refactor_regression" name="test_login_with_registered_user" time="0.568" /><testcase classname="backend.tests.test_refactor_regression" name="test_login_invalid_password" time="0.278" /><testcase classname="backend.tests.test_refactor_regression" name="test_me_returns_user" time="0.052" /><testcase classname="backend.tests.test_refactor_regression" name="test_me_unauthorized_without_token" time="0.049" /><testcase classname="backend.tests.test_refactor_regression" name="test_me_unauthorized_with_invalid_token" time="0.055" /><testcase classname="backend.tests.test_refactor_regression" name="test_update_profile_and_gstin_validation" time="0.159" /><testcase classname="backend.tests.test_refactor_regression" name="test_phone_otp_request_and_verify" time="0.110" /><testcase classname="backend.tests.test_refactor_regression" name="test_wallet_get_and_recharge" time="0.261" /><testcase classname="backend.tests.test_refactor_regression" name="test_wallet_unauthorized" time="0.080" /><testcase classname="backend.tests.test_refactor_regression" name="test_expense_get_by_id" time="0.242" /><testcase classname="backend.tests.test_refactor_regression" name="test_expenses_list" time="0.110" /><testcase classname="backend.tests.test_refactor_regression" name="test_expenses_stats" time="0.106" /><testcase classname="backend.tests.test_refactor_regression" name="test_expenses_trips" time="0.119" /><testcase classname="backend.tests.test_refactor_regression" name="test_expenses_merchants_recent" time="0.129" /><testcase classname="backend.tests.test_refactor_regression" name="test_expenses_csv_export" time="0.119" /><testcase classname="backend.tests.test_refactor_regression" name="test_expenses_unauthorized" time="0.055" /><testcase classname="backend.tests.test_refactor_regression" name="test_bill_generate_deducts_5_and_returns_pdf" time="0.622" /><testcase classname="backend.tests.test_refactor_regression" name="test_bill_pdf_token_query_fallback" time="0.141" /><testcase classname="backend.tests.test_refactor_regression" name="test_reports_list" time="0.208" /><testcase classname="backend.tests.test_refactor_regression" name="test_report_pdf" time="0.144" /><testcase classname="backend.tests.test_refactor_regression" name="test_report_delete" time="0.205" /><testcase classname="backend.tests.test_refactor_regression" name="test_referrals_me" time="0.058" /><testcase classname="backend.tests.test_refactor_regression" name="test_referrals_validate_valid" time="0.112" /><testcase classname="backend.tests.test_refactor_regression" name="test_referrals_validate_invalid" time="0.052" /><testcase classname="backend.tests.test_refactor_regression" name="test_favourites_pantry_crud" time="0.320" /><testcase classname="backend.tests.test_refactor_regression" name="test_favourites_rejects_food_category" time="0.111" /><testcase classname="backend.tests.test_refactor_regression" name="test_ai_suggest_items" time="1.266" /><testcase classname="backend.tests.test_refactor_regression" name="test_contact_form" time="0.060" /></testsuite></testsuites>