<?xml version="1.0" encoding="utf-8"?><testsuites name="pytest tests"><testsuite name="pytest" errors="0" failures="5" skipped="0" tests="46" time="10.116" timestamp="2026-09-02T11:00:11.729692+00:00" hostname="agent-env-e7412c64-d2e2-4b05-a81f-cd0b8e5bde0f"><testcase classname="tests.test_iter26_staging_hardening.TestPaymentSafetyUnconfigured" name="test_payments_config_reports_disabled" time="0.876" /><testcase classname="tests.test_iter26_staging_hardening.TestServerSideValidation" name="test_missing_required_fields_rejected" time="0.930" /><testcase classname="tests.test_iter26_staging_hardening.TestPaymentSafetyUnconfigured" name="test_create_order_degrades_gracefully" time="0.077" /><testcase classname="tests.test_iter26_staging_hardening.TestServerSideValidation" name="test_non_numeric_amount_rejected" time="0.084" /><testcase classname="tests.test_iter26_staging_hardening.TestPaymentSafetyUnconfigured" name="test_merchant_create_order_degrades_gracefully" time="0.112" /><testcase classname="tests.test_iter26_staging_hardening.TestServerSideValidation" name="test_missing_payment_amount_rejected" time="0.082" /><testcase classname="tests.test_iter26_staging_hardening.TestPaymentSafetyUnconfigured" name="test_legacy_order_degrades_gracefully" time="0.099" /><testcase classname="tests.test_iter26_staging_hardening.TestServerSideValidation" name="test_empty_items_rejected" time="0.132"><failure message="AssertionError: empty items accepted: 200 {&quot;id&quot;:&quot;8383b2c6-21b0-4db4-8872-57c0814870b3&quot;,&quot;user_id&quot;:&quot;cfabfd61-e24d-403d-8872-f2db6b88d817&quot;,&quot;company_id&quot;:null,&quot;submitter_role&quot;:&quot;individual&quot;,&quot;approval_status&quot;:&quot;approved&quot;,&quot;category&quot;:&quot;Travel&quot;,&quot;sub_category&quot;:&quot;Auto&quot;,&quot;items&quot;:[],&quot;payment&quot;:{&quot;merchant_name&quot;:&quot;TEST_Merchant&quot;,&quot;merchant_upi&quot;:&quot;test@upi&quot;,&quot;mercha&#10;assert 400 &lt;= 200&#10; +  where 200 = &lt;Response [200]&gt;.status_code">E   AssertionError: empty items accepted: 200 {"id":"8383b2c6-21b0-4db4-8872-57c0814870b3","user_id":"cfabfd61-e24d-403d-8872-f2db6b88d817","company_id":null,"submitter_role":"individual","approval_status":"approved","category":"Travel","sub_category":"Auto","items":[],"payment":{"merchant_name":"TEST_Merchant","merchant_upi":"test@upi","mercha
    assert 400 &lt;= 200
     +  where 200 = &lt;Response [200]&gt;.status_code</failure></testcase><testcase classname="tests.test_iter26_staging_hardening.TestPaymentSafetyUnconfigured" name="test_verify_with_fake_signature_never_credits" time="0.278" /><testcase classname="tests.test_iter26_staging_hardening.TestServerSideValidation" name="test_negative_amount_rejected" time="0.119"><failure message="AssertionError: negative amount accepted: 200 {&quot;id&quot;:&quot;851c6bea-dec7-4795-b925-d6902c59b1f5&quot;,&quot;user_id&quot;:&quot;cfabfd61-e24d-403d-8872-f2db6b88d817&quot;,&quot;company_id&quot;:null,&quot;submitter_role&quot;:&quot;individual&quot;,&quot;approval_status&quot;:&quot;approved&quot;,&quot;category&quot;:&quot;Travel&quot;,&quot;sub_category&quot;:&quot;Auto&quot;,&quot;items&quot;:[{&quot;name&quot;:&quot;TEST_ride&quot;,&quot;quantity&quot;:1.0,&quot;unit_price&quot;:-500.0}],&quot;payment&quot;:{&quot;merchant_&#10;assert 400 &lt;= 200&#10; +  where 200 = &lt;Response [200]&gt;.status_code">E   AssertionError: negative amount accepted: 200 {"id":"851c6bea-dec7-4795-b925-d6902c59b1f5","user_id":"cfabfd61-e24d-403d-8872-f2db6b88d817","company_id":null,"submitter_role":"individual","approval_status":"approved","category":"Travel","sub_category":"Auto","items":[{"name":"TEST_ride","quantity":1.0,"unit_price":-500.0}],"payment":{"merchant_
    assert 400 &lt;= 200
     +  where 200 = &lt;Response [200]&gt;.status_code</failure></testcase><testcase classname="tests.test_iter26_staging_hardening.TestServerSideValidation" name="test_zero_amount_rejected" time="0.122"><failure message="AssertionError: zero amount accepted: 200 {&quot;id&quot;:&quot;c6406470-cf9e-4c95-a5b3-ac7bde91fda9&quot;,&quot;user_id&quot;:&quot;cfabfd61-e24d-403d-8872-f2db6b88d817&quot;,&quot;company_id&quot;:null,&quot;submitter_role&quot;:&quot;individual&quot;,&quot;approval_status&quot;:&quot;approved&quot;,&quot;category&quot;:&quot;Travel&quot;,&quot;sub_category&quot;:&quot;Auto&quot;,&quot;items&quot;:[{&quot;name&quot;:&quot;TEST_ride&quot;,&quot;quantity&quot;:1.0,&quot;unit_price&quot;:0.0}],&quot;payment&quot;:{&quot;merchant_nam&#10;assert 400 &lt;= 200&#10; +  where 200 = &lt;Response [200]&gt;.status_code">E   AssertionError: zero amount accepted: 200 {"id":"c6406470-cf9e-4c95-a5b3-ac7bde91fda9","user_id":"cfabfd61-e24d-403d-8872-f2db6b88d817","company_id":null,"submitter_role":"individual","approval_status":"approved","category":"Travel","sub_category":"Auto","items":[{"name":"TEST_ride","quantity":1.0,"unit_price":0.0}],"payment":{"merchant_nam
    assert 400 &lt;= 200
     +  where 200 = &lt;Response [200]&gt;.status_code</failure></testcase><testcase classname="tests.test_iter26_staging_hardening.TestPaymentSafetyUnconfigured" name="test_legacy_verify_fake_signature_rejected" time="0.075" /><testcase classname="tests.test_iter26_staging_hardening.TestServerSideValidation" name="test_negative_quantity_rejected" time="0.121"><failure message="AssertionError: negative qty accepted: 200 {&quot;id&quot;:&quot;e9be2aca-0ed4-4f1d-946a-3671db2b01bf&quot;,&quot;user_id&quot;:&quot;cfabfd61-e24d-403d-8872-f2db6b88d817&quot;,&quot;company_id&quot;:null,&quot;submitter_role&quot;:&quot;individual&quot;,&quot;approval_status&quot;:&quot;approved&quot;,&quot;category&quot;:&quot;Travel&quot;,&quot;sub_category&quot;:&quot;Auto&quot;,&quot;items&quot;:[{&quot;name&quot;:&quot;TEST_ride&quot;,&quot;quantity&quot;:-5.0,&quot;unit_price&quot;:100.0}],&quot;payment&quot;:{&quot;merchant_&#10;assert 400 &lt;= 200&#10; +  where 200 = &lt;Response [200]&gt;.status_code">E   AssertionError: negative qty accepted: 200 {"id":"e9be2aca-0ed4-4f1d-946a-3671db2b01bf","user_id":"cfabfd61-e24d-403d-8872-f2db6b88d817","company_id":null,"submitter_role":"individual","approval_status":"approved","category":"Travel","sub_category":"Auto","items":[{"name":"TEST_ride","quantity":-5.0,"unit_price":100.0}],"payment":{"merchant_
    assert 400 &lt;= 200
     +  where 200 = &lt;Response [200]&gt;.status_code</failure></testcase><testcase classname="tests.test_iter26_staging_hardening.TestPaymentSafetyUnconfigured" name="test_payment_status_unknown_txn_404" time="0.067" /><testcase classname="tests.test_iter26_staging_hardening.TestPaymentSafetyUnconfigured" name="test_payments_require_auth" time="0.492" /><testcase classname="tests.test_iter26_staging_hardening.TestServerSideValidation" name="test_fee_preview_rejects_non_positive" time="0.209" /><testcase classname="tests.test_iter26_staging_hardening.TestServerSideValidation" name="test_wallet_recharge_rejects_non_positive" time="0.081" /><testcase classname="tests.test_iter26_staging_hardening.TestServerSideValidation" name="test_manual_pay_first_scan_rejects_negative_amount" time="0.086" /><testcase classname="tests.test_iter26_staging_hardening.TestAuth" name="test_superadmin_login" time="0.388" /><testcase classname="tests.test_iter26_staging_hardening.TestPaymentSafetyUnconfigured" name="test_manual_pay_config_and_first_scan" time="0.694" /><testcase classname="tests.test_iter26_staging_hardening.TestAuth" name="test_me_with_token" time="0.407" /><testcase classname="tests.test_iter26_staging_hardening.TestAuth" name="test_login_wrong_password" time="0.293" /><testcase classname="tests.test_iter26_staging_hardening.TestPaymentSafetyUnconfigured" name="test_wallet_recharge_must_not_self_credit_without_payment" time="0.378"><failure message="AssertionError: free wallet credit: 50.0 -&gt; 5050.0 via 200 {&quot;balance&quot;:5050.0}&#10;assert 5050.0 == 50.0">E   AssertionError: free wallet credit: 50.0 -&gt; 5050.0 via 200 {"balance":5050.0}
    assert 5050.0 == 50.0</failure></testcase><testcase classname="tests.test_iter26_staging_hardening.TestAuth" name="test_me_without_token_rejected" time="0.153" /><testcase classname="tests.test_iter26_staging_hardening.TestPaymentSafetyUnconfigured" name="test_manual_pay_unknown_txn_404" time="0.074" /><testcase classname="tests.test_iter26_staging_hardening.TestAuth" name="test_me_with_bad_token_rejected" time="0.370" /><testcase classname="tests.test_iter26_staging_hardening.TestAuth" name="test_register_then_login" time="0.758" /><testcase classname="tests.test_iter26_staging_hardening.TestBillsAndFees" name="test_create_expense_and_retrieve" time="0.766" /><testcase classname="tests.test_iter26_staging_hardening.TestBillsAndFees" name="test_fee_info_and_generate_bill_math" time="0.631" /><testcase classname="tests.test_iter26_staging_hardening.TestAuth" name="test_register_invalid_email_rejected" time="0.074" /><testcase classname="tests.test_iter26_staging_hardening.TestAuth" name="test_otp_demo_flow" time="0.571" /><testcase classname="tests.test_iter26_staging_hardening.TestBillsAndFees" name="test_generate_bill_unknown_expense_404" time="0.056" /><testcase classname="tests.test_iter26_staging_hardening.TestBillsAndFees" name="test_expense_requires_auth" time="0.269" /><testcase classname="tests.test_iter26_staging_hardening.TestBillsAndFees" name="test_bill_pdf_download" time="0.381" /><testcase classname="tests.test_iter26_staging_hardening.TestWebhookSecurity" name="test_unsigned_webhook_rejected[/webhooks/razorpay]" time="0.178" /><testcase classname="tests.test_iter26_staging_hardening.TestWebhookSecurity" name="test_unsigned_webhook_rejected[/webhooks/razorpay/payments]" time="0.090" /><testcase classname="tests.test_iter26_staging_hardening.TestWebhookSecurity" name="test_unsigned_webhook_rejected[/webhooks/razorpayx/payouts]" time="0.079" /><testcase classname="tests.test_iter26_staging_hardening.TestBillsAndFees" name="test_bill_pdf_other_user_cannot_access" time="0.652" /><testcase classname="tests.test_iter26_staging_hardening.TestWebhookSecurity" name="test_invalid_signature_webhook_rejected[/webhooks/razorpay]" time="0.071" /><testcase classname="tests.test_iter26_staging_hardening.TestWebhookSecurity" name="test_invalid_signature_webhook_rejected[/webhooks/razorpay/payments]" time="0.078" /><testcase classname="tests.test_iter26_staging_hardening.TestWebhookSecurity" name="test_invalid_signature_webhook_rejected[/webhooks/razorpayx/payouts]" time="0.072" /><testcase classname="tests.test_iter26_staging_hardening.TestHealth" name="test_health_ok" time="0.272" /><testcase classname="tests.test_iter26_staging_hardening.TestHealth" name="test_providers_staging_posture" time="0.080" /><testcase classname="tests.test_iter26_staging_hardening.TestRateLimiting" name="test_login_brute_force_returns_429" time="0.767" /><testcase classname="tests.test_iter26_staging_hardening.TestRateLimiting" name="test_register_rate_limited" time="1.647" /><testcase classname="tests.test_iter26_staging_hardening.TestRateLimiting" name="test_health_not_rate_limited" time="1.082" /></testsuite></testsuites>